INFO:root:Creating Look-Up Table from the database...
DEBUG:h5py._conv:Creating converter from 3 to 5
INFO:root:Initilized 5 parent nodes
INFO:root:Added new child for 1714148986187403
INFO:root:Added new child for 1714148986187403
INFO:root:Added new child for 1714148986187403
INFO:root:Resized image dimensions exceed bbox dimensions. Skipping drawing.
INFO:root:Resized image dimensions exceed bbox dimensions. Skipping drawing.
INFO:root:Resized image dimensions exceed bbox dimensions. Skipping drawing.
2024-04-20 13:22:55,766 - INFO - Creating Look-Up Table from the database...
2024-04-20 13:22:58,153 - INFO - Initilized 5 parent nodes
2024-04-20 13:23:01,250 - INFO - Added new child for 1714148986187403
2024-04-20 13:23:02,010 - INFO - Added new child for 1714148986187403
2024-04-20 13:23:02,738 - INFO - Added new child for 1714148986187403
2024-04-20 14:13:30,084 - INFO - Creating Look-Up Table from the database...
2024-04-20 14:13:32,583 - INFO - Initilized 5 parent nodes
2024-04-20 14:13:37,167 - INFO - Added new child for 1714148986187403
2024-04-20 14:13:37,938 - INFO - Added new child for 1714148986187403
2024-04-20 14:13:38,690 - INFO - Added new child for 1714148986187403
2024-04-20 14:13:49,832 - INFO - Resized image dimensions exceed bbox dimensions. Skipping drawing.
2024-04-20 14:13:50,592 - INFO - Resized image dimensions exceed bbox dimensions. Skipping drawing.
2024-04-20 14:13:52,824 - INFO - Resized image dimensions exceed bbox dimensions. Skipping drawing.
2024-04-20 14:13:53,554 - INFO - Resized image dimensions exceed bbox dimensions. Skipping drawing.
INFO:root:Creating Look-Up Table from the database...
INFO:root:Initilized 5 parent nodes
INFO:root:Added new child for 1714148986187403
INFO:root:Added new child for 1714148986187403
INFO:root:Added new child for 1714148986187403
INFO:root:Resized image dimensions exceed bbox dimensions. Skipping drawing.
INFO:root:Resized image dimensions exceed bbox dimensions. Skipping drawing.
INFO:root:Resized image dimensions exceed bbox dimensions. Skipping drawing.
INFO:root:Resized image dimensions exceed bbox dimensions. Skipping drawing.
INFO:root:Resized image dimensions exceed bbox dimensions. Skipping drawing.
INFO:root:Resized image dimensions exceed bbox dimensions. Skipping drawing.
INFO:root:Resized image dimensions exceed bbox dimensions. Skipping drawing.
INFO:root:Resized image dimensions exceed bbox dimensions. Skipping drawing.
Creating Look-Up Table from the database...
Initilized 5 parent nodes
Added new child for 1714148986187403
Added new child for 1714148986187403
Added new child for 1714148986187403
Resized image dimensions exceed bbox dimensions. Skipping drawing.
Resized image dimensions exceed bbox dimensions. Skipping drawing.
Resized image dimensions exceed bbox dimensions. Skipping drawing.
Resized image dimensions exceed bbox dimensions. Skipping drawing.
Resized image dimensions exceed bbox dimensions. Skipping drawing.
Resized image dimensions exceed bbox dimensions. Skipping drawing.
Creating Look-Up Table from the database...
Initilized 5 parent nodes
Added new child for 1714148986187403
Added new child for 1714148986187403
Added new child for 1714148986187403
Resized image dimensions exceed bbox dimensions. Skipping drawing.
Resized image dimensions exceed bbox dimensions. Skipping drawing.
Resized image dimensions exceed bbox dimensions. Skipping drawing.
Resized image dimensions exceed bbox dimensions. Skipping drawing.
Resized image dimensions exceed bbox dimensions. Skipping drawing.
Resized image dimensions exceed bbox dimensions. Skipping drawing.
